mode: set
github.com/odev-swe/todoapp/configs/database.go:16.41,21.30 3 0
github.com/odev-swe/todoapp/configs/database.go:21.30,23.3 1 0
github.com/odev-swe/todoapp/configs/database.go:25.2,29.16 3 0
github.com/odev-swe/todoapp/configs/database.go:29.16,31.3 1 0
github.com/odev-swe/todoapp/configs/database.go:33.2,35.16 2 0
github.com/odev-swe/todoapp/configs/database.go:35.16,37.3 1 0
github.com/odev-swe/todoapp/configs/database.go:40.2,42.16 2 0
github.com/odev-swe/todoapp/configs/database.go:42.16,44.3 1 0
github.com/odev-swe/todoapp/configs/database.go:46.2,50.3 2 0
github.com/odev-swe/todoapp/configs/envs.go:24.23,29.16 2 0
github.com/odev-swe/todoapp/configs/envs.go:29.16,31.3 1 0
github.com/odev-swe/todoapp/configs/envs.go:33.2,45.3 2 0
github.com/odev-swe/todoapp/configs/envs.go:48.53,50.13 2 0
github.com/odev-swe/todoapp/configs/envs.go:50.13,52.3 1 0
github.com/odev-swe/todoapp/configs/envs.go:53.2,53.14 1 0
github.com/odev-swe/todoapp/configs/envs.go:56.50,58.13 2 0
github.com/odev-swe/todoapp/configs/envs.go:58.13,60.3 1 0
github.com/odev-swe/todoapp/configs/envs.go:62.2,64.12 2 0
github.com/odev-swe/todoapp/configs/logger.go:5.18,14.2 4 0
github.com/odev-swe/todoapp/docs/docs.go:428.13,430.2 1 0
github.com/odev-swe/todoapp/cmd/app/api.go:37.33,51.45 5 0
github.com/odev-swe/todoapp/cmd/app/api.go:51.45,53.63 1 0
github.com/odev-swe/todoapp/cmd/app/api.go:53.63,55.4 1 0
github.com/odev-swe/todoapp/cmd/app/api.go:58.3,58.39 1 0
github.com/odev-swe/todoapp/cmd/app/api.go:58.39,63.4 4 0
github.com/odev-swe/todoapp/cmd/app/api.go:66.3,66.40 1 0
github.com/odev-swe/todoapp/cmd/app/api.go:66.40,73.4 5 0
github.com/odev-swe/todoapp/cmd/app/api.go:76.2,86.16 4 0
github.com/odev-swe/todoapp/cmd/app/api.go:86.16,88.3 1 0
github.com/odev-swe/todoapp/cmd/app/main.go:17.13,38.2 6 0
github.com/odev-swe/todoapp/cmd/app/middleware.go:17.71,18.71 1 0
github.com/odev-swe/todoapp/cmd/app/middleware.go:18.71,20.16 2 0
github.com/odev-swe/todoapp/cmd/app/middleware.go:20.16,22.4 1 0
github.com/odev-swe/todoapp/cmd/app/middleware.go:24.3,24.23 1 0
github.com/odev-swe/todoapp/cmd/app/middleware.go:28.72,29.71 1 0
github.com/odev-swe/todoapp/cmd/app/middleware.go:29.71,32.24 2 0
github.com/odev-swe/todoapp/cmd/app/middleware.go:32.24,35.4 2 0
github.com/odev-swe/todoapp/cmd/app/middleware.go:37.3,39.18 2 0
github.com/odev-swe/todoapp/cmd/app/middleware.go:39.18,42.4 2 0
github.com/odev-swe/todoapp/cmd/app/middleware.go:44.3,46.17 2 0
github.com/odev-swe/todoapp/cmd/app/middleware.go:46.17,49.4 2 0
github.com/odev-swe/todoapp/cmd/app/middleware.go:51.3,57.40 4 0
github.com/odev-swe/todoapp/cmd/app/middleware.go:61.77,62.71 1 0
github.com/odev-swe/todoapp/cmd/app/middleware.go:62.71,65.57 2 0
github.com/odev-swe/todoapp/cmd/app/middleware.go:65.57,69.4 3 0
github.com/odev-swe/todoapp/cmd/app/middleware.go:71.3,71.17 1 0
github.com/odev-swe/todoapp/cmd/app/middleware.go:71.17,73.4 1 0
github.com/odev-swe/todoapp/cmd/app/middleware.go:75.3,75.23 1 0
github.com/odev-swe/todoapp/internal/ratelimiter/fixed-limiter.go:15.81,21.2 1 0
github.com/odev-swe/todoapp/internal/ratelimiter/fixed-limiter.go:23.70,28.32 4 0
github.com/odev-swe/todoapp/internal/ratelimiter/fixed-limiter.go:28.32,30.13 2 0
github.com/odev-swe/todoapp/internal/ratelimiter/fixed-limiter.go:30.13,33.4 2 0
github.com/odev-swe/todoapp/internal/ratelimiter/fixed-limiter.go:34.3,37.25 3 0
github.com/odev-swe/todoapp/internal/ratelimiter/fixed-limiter.go:40.2,40.25 1 0
github.com/odev-swe/todoapp/internal/ratelimiter/fixed-limiter.go:43.54,48.2 4 0
github.com/odev-swe/todoapp/libs/error.go:5.61,7.2 1 0
github.com/odev-swe/todoapp/libs/error.go:9.50,11.2 1 0
github.com/odev-swe/todoapp/libs/error.go:13.52,15.2 1 0
github.com/odev-swe/todoapp/libs/error.go:17.54,19.2 1 0
github.com/odev-swe/todoapp/libs/json.go:16.90,28.2 4 0
github.com/odev-swe/todoapp/libs/json.go:30.46,31.19 1 0
github.com/odev-swe/todoapp/libs/json.go:31.19,33.3 1 0
github.com/odev-swe/todoapp/libs/json.go:36.2,36.42 1 0
github.com/odev-swe/todoapp/libs/jwt.go:22.82,28.19 2 0
github.com/odev-swe/todoapp/libs/jwt.go:29.19,30.74 1 0
github.com/odev-swe/todoapp/libs/jwt.go:31.20,32.72 1 0
github.com/odev-swe/todoapp/libs/jwt.go:35.2,37.43 2 0
github.com/odev-swe/todoapp/libs/jwt.go:40.75,41.110 1 0
github.com/odev-swe/todoapp/libs/jwt.go:41.110,43.3 1 0
github.com/odev-swe/todoapp/libs/jwt.go:45.2,45.16 1 0
github.com/odev-swe/todoapp/libs/jwt.go:45.16,47.3 1 0
github.com/odev-swe/todoapp/libs/jwt.go:49.2,51.9 2 0
github.com/odev-swe/todoapp/libs/jwt.go:51.9,53.3 1 0
github.com/odev-swe/todoapp/libs/jwt.go:55.2,55.20 1 0
github.com/odev-swe/todoapp/internal/services/auth.go:14.58,16.2 1 0
github.com/odev-swe/todoapp/internal/services/auth.go:18.102,20.2 1 0
github.com/odev-swe/todoapp/internal/services/auth.go:22.99,24.2 1 0
github.com/odev-swe/todoapp/internal/services/todos.go:14.61,16.2 1 0
github.com/odev-swe/todoapp/internal/services/todos.go:18.72,20.2 1 0
github.com/odev-swe/todoapp/internal/services/todos.go:22.106,24.2 1 0
github.com/odev-swe/todoapp/internal/services/todos.go:26.105,28.2 1 0
github.com/odev-swe/todoapp/internal/services/todos.go:30.92,32.2 1 0
github.com/odev-swe/todoapp/internal/store/auth.go:17.63,22.2 1 0
github.com/odev-swe/todoapp/internal/store/auth.go:24.99,31.16 3 0
github.com/odev-swe/todoapp/internal/store/auth.go:31.16,34.3 1 0
github.com/odev-swe/todoapp/internal/store/auth.go:37.2,39.16 2 0
github.com/odev-swe/todoapp/internal/store/auth.go:39.16,41.3 1 0
github.com/odev-swe/todoapp/internal/store/auth.go:43.2,51.16 4 0
github.com/odev-swe/todoapp/internal/store/auth.go:51.16,53.3 1 0
github.com/odev-swe/todoapp/internal/store/auth.go:55.2,55.19 1 0
github.com/odev-swe/todoapp/internal/store/auth.go:58.96,65.16 3 0
github.com/odev-swe/todoapp/internal/store/auth.go:65.16,68.3 1 0
github.com/odev-swe/todoapp/internal/store/auth.go:70.2,78.16 4 0
github.com/odev-swe/todoapp/internal/store/auth.go:78.16,80.3 1 0
github.com/odev-swe/todoapp/internal/store/auth.go:83.2,85.16 2 0
github.com/odev-swe/todoapp/internal/store/auth.go:85.16,87.3 1 0
github.com/odev-swe/todoapp/internal/store/auth.go:90.2,95.16 3 0
github.com/odev-swe/todoapp/internal/store/auth.go:95.16,97.3 1 0
github.com/odev-swe/todoapp/internal/store/auth.go:100.2,102.16 2 0
github.com/odev-swe/todoapp/internal/store/auth.go:102.16,104.3 1 0
github.com/odev-swe/todoapp/internal/store/auth.go:106.2,109.19 3 0
github.com/odev-swe/todoapp/internal/store/todos.go:15.50,19.2 1 0
github.com/odev-swe/todoapp/internal/store/todos.go:21.104,25.16 2 0
github.com/odev-swe/todoapp/internal/store/todos.go:25.16,27.3 1 0
github.com/odev-swe/todoapp/internal/store/todos.go:29.2,35.16 4 0
github.com/odev-swe/todoapp/internal/store/todos.go:35.16,37.3 1 0
github.com/odev-swe/todoapp/internal/store/todos.go:40.2,46.16 4 0
github.com/odev-swe/todoapp/internal/store/todos.go:46.16,48.3 1 0
github.com/odev-swe/todoapp/internal/store/todos.go:50.2,50.19 1 0
github.com/odev-swe/todoapp/internal/store/todos.go:53.70,57.16 2 0
github.com/odev-swe/todoapp/internal/store/todos.go:57.16,59.3 1 0
github.com/odev-swe/todoapp/internal/store/todos.go:61.2,70.16 6 0
github.com/odev-swe/todoapp/internal/store/todos.go:70.16,72.3 1 0
github.com/odev-swe/todoapp/internal/store/todos.go:75.2,82.16 4 0
github.com/odev-swe/todoapp/internal/store/todos.go:82.16,84.3 1 0
github.com/odev-swe/todoapp/internal/store/todos.go:86.2,86.18 1 0
github.com/odev-swe/todoapp/internal/store/todos.go:86.18,91.17 3 0
github.com/odev-swe/todoapp/internal/store/todos.go:91.17,93.4 1 0
github.com/odev-swe/todoapp/internal/store/todos.go:95.3,95.30 1 0
github.com/odev-swe/todoapp/internal/store/todos.go:98.2,98.19 1 0
github.com/odev-swe/todoapp/internal/store/todos.go:101.103,105.16 2 0
github.com/odev-swe/todoapp/internal/store/todos.go:105.16,107.3 1 0
github.com/odev-swe/todoapp/internal/store/todos.go:109.2,115.16 4 0
github.com/odev-swe/todoapp/internal/store/todos.go:115.16,117.3 1 0
github.com/odev-swe/todoapp/internal/store/todos.go:120.2,126.16 4 0
github.com/odev-swe/todoapp/internal/store/todos.go:126.16,128.3 1 0
github.com/odev-swe/todoapp/internal/store/todos.go:130.2,130.19 1 0
github.com/odev-swe/todoapp/internal/store/todos.go:133.90,137.16 2 0
github.com/odev-swe/todoapp/internal/store/todos.go:137.16,139.3 1 0
github.com/odev-swe/todoapp/internal/store/todos.go:141.2,147.16 4 0
github.com/odev-swe/todoapp/internal/store/todos.go:147.16,149.3 1 0
github.com/odev-swe/todoapp/internal/store/todos.go:152.2,156.16 3 0
github.com/odev-swe/todoapp/internal/store/todos.go:156.16,158.3 1 0
github.com/odev-swe/todoapp/internal/store/todos.go:160.2,160.12 1 0
github.com/odev-swe/todoapp/internal/handlers/auth.go:17.66,19.2 1 1
github.com/odev-swe/todoapp/internal/handlers/auth.go:21.51,25.2 2 0
github.com/odev-swe/todoapp/internal/handlers/auth.go:38.72,44.16 3 1
github.com/odev-swe/todoapp/internal/handlers/auth.go:44.16,47.3 2 1
github.com/odev-swe/todoapp/internal/handlers/auth.go:50.2,55.16 4 1
github.com/odev-swe/todoapp/internal/handlers/auth.go:55.16,57.44 1 1
github.com/odev-swe/todoapp/internal/handlers/auth.go:57.44,60.4 2 1
github.com/odev-swe/todoapp/internal/handlers/auth.go:61.3,62.9 2 0
github.com/odev-swe/todoapp/internal/handlers/auth.go:65.2,65.79 1 1
github.com/odev-swe/todoapp/internal/handlers/auth.go:79.69,85.16 3 1
github.com/odev-swe/todoapp/internal/handlers/auth.go:85.16,88.3 2 1
github.com/odev-swe/todoapp/internal/handlers/auth.go:91.2,96.16 4 1
github.com/odev-swe/todoapp/internal/handlers/auth.go:96.16,97.44 1 1
github.com/odev-swe/todoapp/internal/handlers/auth.go:97.44,100.4 2 1
github.com/odev-swe/todoapp/internal/handlers/auth.go:101.3,102.9 2 0
github.com/odev-swe/todoapp/internal/handlers/auth.go:105.2,105.76 1 1
github.com/odev-swe/todoapp/internal/handlers/todos.go:21.65,23.2 1 0
github.com/odev-swe/todoapp/internal/handlers/todos.go:25.52,32.2 4 0
github.com/odev-swe/todoapp/internal/handlers/todos.go:48.68,53.46 2 0
github.com/odev-swe/todoapp/internal/handlers/todos.go:53.46,54.54 1 0
github.com/odev-swe/todoapp/internal/handlers/todos.go:54.54,56.4 1 0
github.com/odev-swe/todoapp/internal/handlers/todos.go:58.2,58.47 1 0
github.com/odev-swe/todoapp/internal/handlers/todos.go:58.47,59.55 1 0
github.com/odev-swe/todoapp/internal/handlers/todos.go:59.55,61.4 1 0
github.com/odev-swe/todoapp/internal/handlers/todos.go:64.2,74.16 7 0
github.com/odev-swe/todoapp/internal/handlers/todos.go:74.16,76.44 1 0
github.com/odev-swe/todoapp/internal/handlers/todos.go:76.44,79.4 2 0
github.com/odev-swe/todoapp/internal/handlers/todos.go:80.3,81.9 2 0
github.com/odev-swe/todoapp/internal/handlers/todos.go:84.2,84.77 1 0
github.com/odev-swe/todoapp/internal/handlers/todos.go:102.71,108.16 3 0
github.com/odev-swe/todoapp/internal/handlers/todos.go:108.16,111.3 2 0
github.com/odev-swe/todoapp/internal/handlers/todos.go:114.2,119.16 4 0
github.com/odev-swe/todoapp/internal/handlers/todos.go:119.16,121.44 1 0
github.com/odev-swe/todoapp/internal/handlers/todos.go:121.44,124.4 2 0
github.com/odev-swe/todoapp/internal/handlers/todos.go:125.3,126.9 2 0
github.com/odev-swe/todoapp/internal/handlers/todos.go:129.2,129.79 1 0
github.com/odev-swe/todoapp/internal/handlers/todos.go:145.71,151.16 3 0
github.com/odev-swe/todoapp/internal/handlers/todos.go:151.16,154.3 2 0
github.com/odev-swe/todoapp/internal/handlers/todos.go:157.2,162.16 4 0
github.com/odev-swe/todoapp/internal/handlers/todos.go:162.16,164.44 1 0
github.com/odev-swe/todoapp/internal/handlers/todos.go:164.44,167.4 2 0
github.com/odev-swe/todoapp/internal/handlers/todos.go:168.3,169.9 2 0
github.com/odev-swe/todoapp/internal/handlers/todos.go:172.2,172.74 1 0
github.com/odev-swe/todoapp/internal/handlers/todos.go:188.71,194.16 3 0
github.com/odev-swe/todoapp/internal/handlers/todos.go:194.16,197.3 2 0
github.com/odev-swe/todoapp/internal/handlers/todos.go:200.2,205.16 4 0
github.com/odev-swe/todoapp/internal/handlers/todos.go:205.16,207.44 1 0
github.com/odev-swe/todoapp/internal/handlers/todos.go:207.44,210.4 2 0
github.com/odev-swe/todoapp/internal/handlers/todos.go:211.3,212.9 2 0
github.com/odev-swe/todoapp/internal/handlers/todos.go:215.2,215.74 1 0
github.com/odev-swe/todoapp/libs/error.go:5.61,7.2 1 1
github.com/odev-swe/todoapp/libs/error.go:9.50,11.2 1 0
github.com/odev-swe/todoapp/libs/error.go:13.52,15.2 1 1
github.com/odev-swe/todoapp/libs/error.go:17.54,19.2 1 0
github.com/odev-swe/todoapp/libs/json.go:16.90,28.2 4 1
github.com/odev-swe/todoapp/libs/json.go:30.46,31.19 1 1
github.com/odev-swe/todoapp/libs/json.go:31.19,33.3 1 0
github.com/odev-swe/todoapp/libs/json.go:36.2,36.42 1 1
github.com/odev-swe/todoapp/libs/jwt.go:22.82,28.19 2 0
github.com/odev-swe/todoapp/libs/jwt.go:29.19,30.74 1 0
github.com/odev-swe/todoapp/libs/jwt.go:31.20,32.72 1 0
github.com/odev-swe/todoapp/libs/jwt.go:35.2,37.43 2 0
github.com/odev-swe/todoapp/libs/jwt.go:40.75,41.110 1 0
github.com/odev-swe/todoapp/libs/jwt.go:41.110,43.3 1 0
github.com/odev-swe/todoapp/libs/jwt.go:45.2,45.16 1 0
github.com/odev-swe/todoapp/libs/jwt.go:45.16,47.3 1 0
github.com/odev-swe/todoapp/libs/jwt.go:49.2,51.9 2 0
github.com/odev-swe/todoapp/libs/jwt.go:51.9,53.3 1 0
github.com/odev-swe/todoapp/libs/jwt.go:55.2,55.20 1 0
